[debug] [2022-08-07T04:31:41.810Z] ----------------------------------------------------------------------
[debug] [2022-08-07T04:31:41.812Z] Command:       /usr/local/bin/firebase /Users/jeanpaulolive/.cache/firebase/tools/lib/node_modules/firebase-tools/lib/bin/firebase init hosting
[debug] [2022-08-07T04:31:41.812Z] CLI Version:   11.0.0
[debug] [2022-08-07T04:31:41.812Z] Platform:      darwin
[debug] [2022-08-07T04:31:41.812Z] Node Version:  v16.15.0
[debug] [2022-08-07T04:31:41.816Z] Time:          Sun Aug 07 2022 15:31:41 GMT+1100 (New Caledonia Standard Time)
[debug] [2022-08-07T04:31:41.817Z] ----------------------------------------------------------------------
[debug] 
[debug] [2022-08-07T04:31:41.828Z] > command requires scopes: ["email","openid","https://www.googleapis.com/auth/cloudplatformprojects.readonly","https://www.googleapis.com/auth/firebase","https://www.googleapis.com/auth/cloud-platform"]
[debug] [2022-08-07T04:31:41.829Z] > authorizing via signed-in user (orlanth23@gmail.com)
[info] 
     ######## #### ########  ######## ########     ###     ######  ########
     ##        ##  ##     ## ##       ##     ##  ##   ##  ##       ##
     ######    ##  ########  ######   ########  #########  ######  ######
     ##        ##  ##    ##  ##       ##     ## ##     ##       ## ##
     ##       #### ##     ## ######## ########  ##     ##  ######  ########

You're about to initialize a Firebase project in this directory:

  /Users/jeanpaulolive/IdeaProjects/fitnc-frontend/fitnc-frontend

[info] 
=== Project Setup
[info] 
[info] First, let's associate this project directory with a Firebase project.
[info] You can create multiple project aliases by running firebase use --add, 
[info] but for now we'll just set up a default project.
[info] 
[debug] [2022-08-07T04:31:43.792Z] >>> [apiv2][query] GET https://firebase.googleapis.com/v1beta1/projects pageSize=100
[debug] [2022-08-07T04:31:44.773Z] <<< [apiv2][status] GET https://firebase.googleapis.com/v1beta1/projects 200
[debug] [2022-08-07T04:31:44.775Z] <<< [apiv2][body] GET https://firebase.googleapis.com/v1beta1/projects [omitted]
[info] i  Using project fitnc-7be2e (fitnc) 
[info] 
=== Hosting Setup
[info] 
[info] Your public directory is the folder (relative to your project directory) that
[info] will contain Hosting assets to be uploaded with firebase deploy. If you
[info] have a build process for your assets, use your build's output directory.
[info] 
[info] ✔  Wrote public/404.html 
[debug] [2022-08-07T04:32:06.782Z] >>> [apiv2][query] GET https://www.gstatic.com/firebasejs/releases.json [none]
[debug] [2022-08-07T04:32:07.128Z] <<< [apiv2][status] GET https://www.gstatic.com/firebasejs/releases.json 200
[debug] [2022-08-07T04:32:07.129Z] <<< [apiv2][body] GET https://www.gstatic.com/firebasejs/releases.json {"current":{"version":"9.9.2","browserURL":"https://www.gstatic.com/firebasejs/9.9.2/firebase.js","packageURL":"https://www.gstatic.com/firebasejs/9.9.2/firebase.tgz"},"live":{"version":"9.9","browserURL":"https://www.gstatic.com/firebasejs/live/9.9/firebase.js","packageURL":"https://www.gstatic.com/firebasejs/live/9.9/firebase.tgz"},"components":{"analytics":"https://www.gstatic.com/firebasejs/9.9.2/firebase-analytics.js","app":"https://www.gstatic.com/firebasejs/9.9.2/firebase-app.js","app-check":"https://www.gstatic.com/firebasejs/9.9.2/firebase-app-check.js","auth":"https://www.gstatic.com/firebasejs/9.9.2/firebase-auth.js","auth/cordova":"https://www.gstatic.com/firebasejs/9.9.2/firebase-auth/cordova.js","auth/react-native":"https://www.gstatic.com/firebasejs/9.9.2/firebase-auth/react-native.js","functions":"https://www.gstatic.com/firebasejs/9.9.2/firebase-functions.js","firestore":"https://www.gstatic.com/firebasejs/9.9.2/firebase-firestore.js","firestore/lite":"https://www.gstatic.com/firebasejs/9.9.2/firebase-firestore/lite.js","installations":"https://www.gstatic.com/firebasejs/9.9.2/firebase-installations.js","storage":"https://www.gstatic.com/firebasejs/9.9.2/firebase-storage.js","performance":"https://www.gstatic.com/firebasejs/9.9.2/firebase-performance.js","remote-config":"https://www.gstatic.com/firebasejs/9.9.2/firebase-remote-config.js","messaging":"https://www.gstatic.com/firebasejs/9.9.2/firebase-messaging.js","messaging/sw":"https://www.gstatic.com/firebasejs/9.9.2/firebase-messaging/sw.js","database":"https://www.gstatic.com/firebasejs/9.9.2/firebase-database.js","firestore.memory":"https://www.gstatic.com/firebasejs/9.9.2/firebase-firestore.memory.js"}}
[info] ✔  Wrote public/index.html 
[info] 
[info] i  Detected a .git folder at /Users/jeanpaulolive/IdeaProjects/fitnc-frontend/fitnc-frontend 
[info] i  Authorizing with GitHub to upload your service account to a GitHub repository's secrets store. 
[info] 
[info] Visit this URL on this device to log in:
[info] https://github.com/login/oauth/authorize?client_id=89cf50f02ac6aaed3484&state=261624183&redirect_uri=http%3A%2F%2Flocalhost%3A9005&scope=read%3Auser%20repo%20public_repo
[info] 
[info] Waiting for authentication...
[debug] [2022-08-07T04:32:08.344Z] >>> HTTP REQUEST POST https://github.com/login/oauth/access_token  
 {"client_id":"89cf50f02ac6aaed3484","client_secret":"3330d14abc895d9a74d5f17cd7a00711fa2c5bf0","code":"7c3139023728724496a7","redirect_uri":"http://localhost:9005","state":"261624183"}
[debug] [2022-08-07T04:32:09.027Z] <<< HTTP RESPONSE 200 {"server":"GitHub.com","date":"Sun, 07 Aug 2022 04:32:08 GMT","content-type":"application/json; charset=utf-8","transfer-encoding":"chunked","vary":"X-PJAX, X-PJAX-Container, Turbo-Visit, Turbo-Frame, Accept-Encoding, Accept, X-Requested-With","permissions-policy":"interest-cohort=()","etag":"W/\"d8d13c2dd551a023c35c328506d7e3aa\"","cache-control":"max-age=0, private, must-revalidate","strict-transport-security":"max-age=31536000; includeSubdomains; preload","x-frame-options":"deny","x-content-type-options":"nosniff","x-xss-protection":"0","referrer-policy":"origin-when-cross-origin, strict-origin-when-cross-origin","expect-ct":"max-age=2592000, report-uri=\"https://api.github.com/_private/browser/errors\"","content-security-policy":"default-src 'none'; base-uri 'self'; block-all-mixed-content; child-src github.com/assets-cdn/worker/ gist.github.com/assets-cdn/worker/; connect-src 'self' uploads.github.com objects-origin.githubusercontent.com www.githubstatus.com collector.github.com raw.githubusercontent.com api.github.com github-cloud.s3.amazonaws.com github-production-repository-file-5c1aeb.s3.amazonaws.com github-production-upload-manifest-file-7fdce7.s3.amazonaws.com github-production-user-asset-6210df.s3.amazonaws.com cdn.optimizely.com logx.optimizely.com/v1/events *.actions.githubusercontent.com wss://*.actions.githubusercontent.com online.visualstudio.com/api/v1/locations github-production-repository-image-32fea6.s3.amazonaws.com github-production-release-asset-2e65be.s3.amazonaws.com insights.github.com wss://alive.github.com; font-src github.githubassets.com; form-action 'self' github.com gist.github.com objects-origin.githubusercontent.com; frame-ancestors 'none'; frame-src render.githubusercontent.com viewscreen.githubusercontent.com notebooks.githubusercontent.com; img-src 'self' data: github.githubassets.com identicons.github.com github-cloud.s3.amazonaws.com secured-user-images.githubusercontent.com/ github-production-user-asset-6210df.s3.amazonaws.com customer-stories-feed.github.com spotlights-feed.github.com *.githubusercontent.com; manifest-src 'self'; media-src github.com user-images.githubusercontent.com/ secured-user-images.githubusercontent.com/; script-src github.githubassets.com; style-src 'unsafe-inline' github.githubassets.com; worker-src github.com/assets-cdn/worker/ gist.github.com/assets-cdn/worker/","x-github-request-id":"DBFE:6C3C:B1FA49:D960C3:62EF4048"}
[debug] [2022-08-07T04:32:09.039Z] >>> [apiv2][query] GET https://api.github.com/user [none]
[debug] [2022-08-07T04:32:09.500Z] <<< [apiv2][status] GET https://api.github.com/user 200
[debug] [2022-08-07T04:32:09.501Z] <<< [apiv2][body] GET https://api.github.com/user {"login":"olivejp","id":8486119,"node_id":"MDQ6VXNlcjg0ODYxMTk=","avatar_url":"https://avatars.githubusercontent.com/u/8486119?v=4","gravatar_id":"","url":"https://api.github.com/users/olivejp","html_url":"https://github.com/olivejp","followers_url":"https://api.github.com/users/olivejp/followers","following_url":"https://api.github.com/users/olivejp/following{/other_user}","gists_url":"https://api.github.com/users/olivejp/gists{/gist_id}","starred_url":"https://api.github.com/users/olivejp/starred{/owner}{/repo}","subscriptions_url":"https://api.github.com/users/olivejp/subscriptions","organizations_url":"https://api.github.com/users/olivejp/orgs","repos_url":"https://api.github.com/users/olivejp/repos","events_url":"https://api.github.com/users/olivejp/events{/privacy}","received_events_url":"https://api.github.com/users/olivejp/received_events","type":"User","site_admin":false,"name":"OLIVE Jean Paul","company":"DEVEO","blog":"https://www.linkedin.com/in/jean-paul-olive/","location":"Nouvelle Calédonie","email":"orlanth23@hotmail.com","hireable":null,"bio":"A Software Developer on his way to become an Flutter Developer.","twitter_username":null,"public_repos":41,"public_gists":0,"followers":3,"following":4,"created_at":"2014-08-19T02:44:03Z","updated_at":"2022-08-05T01:22:45Z","private_gists":0,"total_private_repos":10,"owned_private_repos":10,"disk_usage":328648,"collaborators":0,"two_factor_authentication":false,"plan":{"name":"free","space":976562499,"collaborators":0,"private_repos":10000}}
[info] 
[info] ✔  Success! Logged into GitHub as olivejp 
[info] 
